<?xml version="1.0" encoding="UTF-8"?>
<!-- Generated by org.testng.reporters.JUnitReportReporter -->
<testsuite hostname="Sushanth-laptop" failures="0" tests="5" name="testCases.TC_003_LoginDDT" time="24.976" errors="0" timestamp="2024-03-25T22:14:23 EDT" skipped="0">
  <testcase classname="testCases.TC_003_LoginDDT" name="verify_loginDDT" time="1.395"/>
  <system-out/>
  <testcase classname="testCases.TC_003_LoginDDT" name="verify_loginDDT" time="1.164"/>
  <system-out/>
  <testcase classname="testCases.TC_003_LoginDDT" name="verify_loginDDT" time="10.662"/>
  <system-out/>
  <testcase classname="testCases.TC_003_LoginDDT" name="verify_loginDDT" time="1.163"/>
  <system-out/>
  <testcase classname="testCases.TC_003_LoginDDT" name="verify_loginDDT" time="10.592"/>
  <system-out/>
</testsuite> <!-- testCases.TC_003_LoginDDT -->
