<?xml version="1.0" encoding="UTF-8"?>
<!-- Generated by org.testng.reporters.JUnitReportReporter -->
<testsuite hostname="Sushanth-laptop" failures="0" tests="1" name="testCases.TC_002_LoginTest" time="1.073" errors="0" timestamp="2024-03-31T15:28:15 EDT" skipped="0">
  <testcase classname="testCases.TC_002_LoginTest" name="verify_Login" time="1.073"/>
</testsuite> <!-- testCases.TC_002_LoginTest -->
